<?xml version="1.0" encoding="UTF-8"?>
<coverage generated="1575552081216" clover="3.2.0">
  <project timestamp="1575552081216" name="All files">
    <metrics statements="30" coveredstatements="25" conditionals="10" coveredconditionals="6" methods="9" coveredmethods="8" elements="49" coveredelements="39" complexity="0" loc="30" ncloc="30" packages="2" files="2" classes="2"/>
    <package name="node-unit">
      <metrics statements="21" coveredstatements="20" conditionals="0" coveredconditionals="0" methods="8" coveredmethods="7"/>
      <file name="index.js" path="/Users/oyo/node-unit/index.js">
        <metrics statements="21" coveredstatements="20" conditionals="0" coveredconditionals="0" methods="8" coveredmethods="7"/>
        <line num="3" count="1" type="stmt"/>
        <line num="4" count="1" type="stmt"/>
        <line num="5" count="1" type="stmt"/>
        <line num="6" count="1" type="stmt"/>
        <line num="7" count="1" type="stmt"/>
        <line num="8" count="1" type="stmt"/>
        <line num="13" count="1" type="stmt"/>
        <line num="14" count="1" type="stmt"/>
        <line num="18" count="1" type="stmt"/>
        <line num="19" count="1" type="stmt"/>
        <line num="20" count="1" type="stmt"/>
        <line num="26" count="1" type="stmt"/>
        <line num="27" count="1" type="stmt"/>
        <line num="31" count="1" type="stmt"/>
        <line num="32" count="0" type="stmt"/>
        <line num="39" count="1" type="stmt"/>
        <line num="40" count="1" type="stmt"/>
        <line num="41" count="1" type="stmt"/>
        <line num="42" count="1" type="stmt"/>
        <line num="43" count="1" type="stmt"/>
        <line num="49" count="1" type="stmt"/>
      </file>
    </package>
    <package name="node-unit.src.tools">
      <metrics statements="9" coveredstatements="5" conditionals="10" coveredconditionals="6" methods="1" coveredmethods="1"/>
      <file name="add.js" path="/Users/oyo/node-unit/src/tools/add.js">
        <metrics statements="9" coveredstatements="5" conditionals="10" coveredconditionals="6" methods="1" coveredmethods="1"/>
        <line num="2" count="2" type="cond" truecount="3" falsecount="1"/>
        <line num="3" count="0" type="stmt"/>
        <line num="4" count="2" type="cond" truecount="3" falsecount="1"/>
        <line num="5" count="2" type="stmt"/>
        <line num="6" count="0" type="cond" truecount="0" falsecount="2"/>
        <line num="7" count="0" type="stmt"/>
        <line num="9" count="0" type="stmt"/>
        <line num="12" count="1" type="stmt"/>
        <line num="13" count="1" type="stmt"/>
      </file>
    </package>
  </project>
</coverage>
