{"/Users/oyo/node-unit/src/tools/add.js":{"path":"/Users/oyo/node-unit/src/tools/add.js","s":{"1":1,"2":1,"3":0,"4":1,"5":1,"6":0,"7":0,"8":0,"9":1,"10":1},"b":{"1":[0,1],"2":[1,1],"3":[1,0],"4":[1,1],"5":[0,0]},"f":{"1":1},"fnMap":{"1":{"name":"addFun","line":1,"loc":{"start":{"line":1,"column":0},"end":{"line":1,"column":22}}}},"statementMap":{"1":{"start":{"line":1,"column":0},"end":{"line":11,"column":1}},"2":{"start":{"line":2,"column":2},"end":{"line":8,"column":3}},"3":{"start":{"line":3,"column":4},"end":{"line":3,"column":16}},"4":{"start":{"line":4,"column":9},"end":{"line":8,"column":3}},"5":{"start":{"line":5,"column":4},"end":{"line":5,"column":37}},"6":{"start":{"line":6,"column":9},"end":{"line":8,"column":3}},"7":{"start":{"line":7,"column":4},"end":{"line":7,"column":25}},"8":{"start":{"line":9,"column":4},"end":{"line":9,"column":20}},"9":{"start":{"line":12,"column":0},"end":{"line":12,"column":14}},"10":{"start":{"line":13,"column":0},"end":{"line":15,"column":1}}},"branchMap":{"1":{"line":2,"type":"if","locations":[{"start":{"line":2,"column":2},"end":{"line":2,"column":2}},{"start":{"line":2,"column":2},"end":{"line":2,"column":2}}]},"2":{"line":2,"type":"binary-expr","locations":[{"start":{"line":2,"column":6},"end":{"line":2,"column":27}},{"start":{"line":2,"column":31},"end":{"line":2,"column":52}}]},"3":{"line":4,"type":"if","locations":[{"start":{"line":4,"column":9},"end":{"line":4,"column":9}},{"start":{"line":4,"column":9},"end":{"line":4,"column":9}}]},"4":{"line":4,"type":"binary-expr","locations":[{"start":{"line":4,"column":13},"end":{"line":4,"column":27}},{"start":{"line":4,"column":31},"end":{"line":4,"column":45}}]},"5":{"line":6,"type":"if","locations":[{"start":{"line":6,"column":9},"end":{"line":6,"column":9}},{"start":{"line":6,"column":9},"end":{"line":6,"column":9}}]}}}}