TN:
SF:/Users/zhanglianghao/Desktop/node-unit/src/tools/add.js
FN:1,addFun
FNF:1
FNH:1
FNDA:4,addFun
DA:1,1
DA:2,4
DA:3,1
DA:4,3
DA:5,2
DA:6,1
DA:7,0
DA:9,1
DA:12,1
LF:9
LH:8
BRDA:2,1,0,1
BRDA:2,1,1,3
BRDA:2,2,0,4
BRDA:2,2,1,3
BRDA:4,3,0,2
BRDA:4,3,1,1
BRDA:4,4,0,3
BRDA:4,4,1,3
BRDA:6,5,0,0
BRDA:6,5,1,1
BRF:10
BRH:9
end_of_record
TN:
SF:/Users/zhanglianghao/Desktop/node-unit/index.js
FN:12,(anonymous_1)
FN:17,(anonymous_2)
FN:25,(anonymous_3)
FN:30,(anonymous_4)
FN:34,(anonymous_5)
FNF:5
FNH:4
FNDA:1,(anonymous_1)
FNDA:1,(anonymous_2)
FNDA:1,(anonymous_3)
FNDA:0,(anonymous_4)
FNDA:1,(anonymous_5)
DA:1,1
DA:4,1
DA:5,1
DA:7,1
DA:8,1
DA:9,1
DA:12,1
DA:13,1
DA:17,1
DA:18,1
DA:19,1
DA:25,1
DA:26,1
DA:30,1
DA:31,0
DA:34,1
DA:35,1
DA:38,1
LF:18
LH:17
BRF:0
BRH:0
end_of_record
