TN:
SF:/Users/oyo/node-unit/index.js
FN:13,(anonymous_0)
FN:18,(anonymous_1)
FN:26,(anonymous_2)
FN:31,(anonymous_3)
FN:39,(anonymous_4)
FN:40,(anonymous_5)
FN:41,(anonymous_6)
FN:42,(anonymous_7)
FNF:8
FNH:7
FNDA:1,(anonymous_0)
FNDA:1,(anonymous_1)
FNDA:1,(anonymous_2)
FNDA:0,(anonymous_3)
FNDA:1,(anonymous_4)
FNDA:1,(anonymous_5)
FNDA:1,(anonymous_6)
FNDA:1,(anonymous_7)
DA:3,1
DA:4,1
DA:5,1
DA:6,1
DA:7,1
DA:8,1
DA:13,1
DA:14,1
DA:18,1
DA:19,1
DA:20,1
DA:26,1
DA:27,1
DA:31,1
DA:32,0
DA:39,1
DA:40,1
DA:41,1
DA:42,1
DA:43,1
DA:49,1
LF:21
LH:20
BRF:0
BRH:0
end_of_record
TN:
SF:/Users/oyo/node-unit/src/tools/add.js
FN:1,addFun
FNF:1
FNH:1
FNDA:2,addFun
DA:2,2
DA:3,0
DA:4,2
DA:5,2
DA:6,0
DA:7,0
DA:9,0
DA:12,1
DA:13,1
LF:9
LH:5
BRDA:2,0,0,0
BRDA:2,0,1,2
BRDA:2,1,0,2
BRDA:2,1,1,1
BRDA:4,2,0,2
BRDA:4,2,1,0
BRDA:4,3,0,2
BRDA:4,3,1,2
BRDA:6,4,0,0
BRDA:6,4,1,0
BRF:10
BRH:6
end_of_record
